<?xml version="1.0" encoding="UTF-8"?>
<!-- Generated by org.testng.reporters.JUnitXMLReporter -->
<<<<<<< HEAD
<testsuite ignored="0" hostname="DSK-323" failures="0" tests="2" name="Default test" time="0.122" errors="0" timestamp="2021-03-30T18:56:24 IST">
  <testcase classname="com.automation.testscripts.SignUp" name="@BeforeMethod beforeMethod" time="-1.617110783908E9">
=======
<testsuite ignored="0" hostname="DSK-658" failures="2" tests="2" name="Default test" time="0.13" errors="0" timestamp="2021-03-30T17:48:14 IST">
  <testcase classname="com.automation.testscripts.Categories" name="categoriesMenCheck" time="0.009">
    <failure type="java.lang.NullPointerException" message="Cannot invoke &amp;quot;org.openqa.selenium.SearchContext.findElement(org.openqa.selenium.By)&amp;quot; because &amp;quot;this.searchContext&amp;quot; is null">
      <![CDATA[java.lang.NullPointerException: Cannot invoke "org.openqa.selenium.SearchContext.findElement(org.openqa.selenium.By)" because "this.searchContext" is null
at org.openqa.selenium.support.pagefactory.DefaultElementLocator.findElement(DefaultElementLocator.java:69)
at org.openqa.selenium.support.pagefactory.internal.LocatingElementHandler.invoke(LocatingElementHandler.java:38)
at com.sun.proxy.$Proxy13.click(Unknown Source)
at com.automation.locators.CategoriesLocator.mensJacketClick(CategoriesLocator.java:49)
at com.automation.testscripts.Categories.categoriesMenCheck(Categories.java:40)
at java.base/jdk.internal.reflect.NativeMethodAccessorImpl.invoke0(Native Method)
at java.base/jdk.internal.reflect.NativeMethodAccessorImpl.invoke(NativeMethodAccessorImpl.java:64)
at java.base/jdk.internal.reflect.DelegatingMethodAccessorImpl.invoke(DelegatingMethodAccessorImpl.java:43)
at java.base/java.lang.reflect.Method.invoke(Method.java:564)
at org.testng.internal.MethodInvocationHelper.invokeMethod(MethodInvocationHelper.java:132)
at org.testng.internal.TestInvoker.invokeMethod(TestInvoker.java:599)
at org.testng.internal.TestInvoker.invokeTestMethod(TestInvoker.java:174)
at org.testng.internal.MethodRunner.runInSequence(MethodRunner.java:46)
at org.testng.internal.TestInvoker$MethodInvocationAgent.invoke(TestInvoker.java:822)
at org.testng.internal.TestInvoker.invokeTestMethods(TestInvoker.java:147)
at org.testng.internal.TestMethodWorker.invokeTestMethods(TestMethodWorker.java:146)
at org.testng.internal.TestMethodWorker.run(TestMethodWorker.java:128)
at java.base/java.util.ArrayList.forEach(ArrayList.java:1511)
at org.testng.TestRunner.privateRun(TestRunner.java:764)
at org.testng.TestRunner.run(TestRunner.java:585)
at org.testng.SuiteRunner.runTest(SuiteRunner.java:384)
at org.testng.SuiteRunner.runSequentially(SuiteRunner.java:378)
at org.testng.SuiteRunner.privateRun(SuiteRunner.java:337)
at org.testng.SuiteRunner.run(SuiteRunner.java:286)
at org.testng.SuiteRunnerWorker.runSuite(SuiteRunnerWorker.java:53)
at org.testng.SuiteRunnerWorker.run(SuiteRunnerWorker.java:96)
at org.testng.TestNG.runSuitesSequentially(TestNG.java:1218)
at org.testng.TestNG.runSuitesLocally(TestNG.java:1140)
at org.testng.TestNG.runSuites(TestNG.java:1069)
at org.testng.TestNG.run(TestNG.java:1037)
at org.testng.remote.AbstractRemoteTestNG.run(AbstractRemoteTestNG.java:115)
at org.testng.remote.RemoteTestNG.initAndRun(RemoteTestNG.java:251)
at org.testng.remote.RemoteTestNG.main(RemoteTestNG.java:77)
]]>
    </failure>
  </testcase> <!-- categoriesMenCheck -->
  <testcase classname="com.automation.testscripts.Categories" name="categoriesWomenCheck" time="0.0">
>>>>>>> branch 'master' of https://github.com/a1k2a3s4h5/FinalProject
    <failure type="org.testng.TestNGException" message="
<<<<<<< HEAD
Parameter &amp;apos;browserName&amp;apos; is required by BeforeMethod on method beforeMethod but has not been marked @Optional or defined
in C:\Users\vanshika.joukani\AppData\Local\Temp\testng-eclipse--1727174282\testng-customsuite.xml">
=======
Parameter &amp;apos;browserName&amp;apos; is required by @Test on method categoriesWomenCheck but has not been marked @Optional or defined
in C:\Users\vaishvi.patel\AppData\Local\Temp\testng-eclipse-1437379441\testng-customsuite.xml">
>>>>>>> branch 'master' of https://github.com/a1k2a3s4h5/FinalProject
      <![CDATA[org.testng.TestNGException: 
<<<<<<< HEAD
Parameter 'browserName' is required by BeforeMethod on method beforeMethod but has not been marked @Optional or defined
in C:\Users\vanshika.joukani\AppData\Local\Temp\testng-eclipse--1727174282\testng-customsuite.xml
=======
Parameter 'browserName' is required by @Test on method categoriesWomenCheck but has not been marked @Optional or defined
in C:\Users\vaishvi.patel\AppData\Local\Temp\testng-eclipse-1437379441\testng-customsuite.xml
>>>>>>> branch 'master' of https://github.com/a1k2a3s4h5/FinalProject
at org.testng.internal.Parameters.createParams(Parameters.java:268)
at org.testng.internal.Parameters.createParametersForMethod(Parameters.java:356)
at org.testng.internal.Parameters.createParameters(Parameters.java:700)
at org.testng.internal.Parameters.createConfigurationParameters(Parameters.java:166)
at org.testng.internal.ConfigInvoker.invokeConfigurations(ConfigInvoker.java:301)
at org.testng.internal.TestInvoker.runConfigMethods(TestInvoker.java:701)
at org.testng.internal.TestInvoker.invokeMethod(TestInvoker.java:527)
at org.testng.internal.TestInvoker.invokeTestMethod(TestInvoker.java:174)
at org.testng.internal.MethodRunner.runInSequence(MethodRunner.java:46)
at org.testng.internal.TestInvoker$MethodInvocationAgent.invoke(TestInvoker.java:822)
at org.testng.internal.TestInvoker.invokeTestMethods(TestInvoker.java:147)
at org.testng.internal.TestMethodWorker.invokeTestMethods(TestMethodWorker.java:146)
at org.testng.internal.TestMethodWorker.run(TestMethodWorker.java:128)
at java.base/java.util.ArrayList.forEach(ArrayList.java:1511)
at org.testng.TestRunner.privateRun(TestRunner.java:764)
at org.testng.TestRunner.run(TestRunner.java:585)
at org.testng.SuiteRunner.runTest(SuiteRunner.java:384)
at org.testng.SuiteRunner.runSequentially(SuiteRunner.java:378)
at org.testng.SuiteRunner.privateRun(SuiteRunner.java:337)
at org.testng.SuiteRunner.run(SuiteRunner.java:286)
at org.testng.SuiteRunnerWorker.runSuite(SuiteRunnerWorker.java:53)
at org.testng.SuiteRunnerWorker.run(SuiteRunnerWorker.java:96)
at org.testng.TestNG.runSuitesSequentially(TestNG.java:1218)
at org.testng.TestNG.runSuitesLocally(TestNG.java:1140)
at org.testng.TestNG.runSuites(TestNG.java:1069)
at org.testng.TestNG.run(TestNG.java:1037)
at org.testng.remote.AbstractRemoteTestNG.run(AbstractRemoteTestNG.java:115)
at org.testng.remote.RemoteTestNG.initAndRun(RemoteTestNG.java:251)
at org.testng.remote.RemoteTestNG.main(RemoteTestNG.java:77)
]]>
    </failure>
<<<<<<< HEAD
  </testcase> <!-- @BeforeMethod beforeMethod -->
  <testcase classname="com.automation.testscripts.SignUp" name="@BeforeMethod beforeMethod" time="-1.617110783943E9">
    <skipped/>
  </testcase> <!-- @BeforeMethod beforeMethod -->
  <testcase classname="com.automation.testscripts.SignUp" name="invalidSignUp" time="0.0">
    <skipped/>
  </testcase> <!-- invalidSignUp -->
  <testcase classname="com.automation.testscripts.SignUp" name="emailIdExits" time="0.0">
    <skipped/>
  </testcase> <!-- emailIdExits -->
=======
  </testcase> <!-- categoriesWomenCheck -->
>>>>>>> branch 'master' of https://github.com/a1k2a3s4h5/FinalProject
</testsuite> <!-- Default test -->
